<?xml version="1.0" encoding="UTF-8"?>
<testng-results skipped="0" failed="0" total="1" passed="1">
  <reporter-output>
  </reporter-output>
  <suite name="Suite5" duration-ms="79204" started-at="2020-12-17T07:03:40Z" finished-at="2020-12-17T07:04:59Z">
    <groups>
    </groups>
    <test name="Test5" duration-ms="79204" started-at="2020-12-17T07:03:40Z" finished-at="2020-12-17T07:04:59Z">
      <class name="appiumtests.Appium">
        <test-method status="PASS" signature="AppiumTest()[pri:0, instance:appiumtests.Appium@11dc3715]" name="AppiumTest" duration-ms="79195" started-at="2020-12-17T12:33:40Z" finished-at="2020-12-17T12:34:59Z">
          <reporter-output>
          </reporter-output>
        </test-method> <!-- AppiumTest -->
      </class> <!-- appiumtests.Appium -->
    </test> <!-- Test5 -->
  </suite> <!-- Suite5 -->
</testng-results>
