<?xml version="1.0" encoding="UTF-8"?>
<testng-results ignored="0" total="1" passed="1" failed="0" skipped="0">
  <reporter-output>
  </reporter-output>
  <suite started-at="2020-12-17T11:54:24 IST" name="Suite5" finished-at="2020-12-17T11:55:40 IST" duration-ms="76294">
    <groups>
    </groups>
    <test started-at="2020-12-17T11:54:24 IST" name="Test5" finished-at="2020-12-17T11:55:40 IST" duration-ms="76294">
      <class name="appiumtests.Appium">
        <test-method signature="AppiumTest()[pri:0, instance:appiumtests.Appium@25641d39]" started-at="2020-12-17T11:54:24 IST" name="AppiumTest" finished-at="2020-12-17T11:55:40 IST" duration-ms="76271" status="PASS">
          <reporter-output>
          </reporter-output>
        </test-method> <!-- AppiumTest -->
      </class> <!-- appiumtests.Appium -->
    </test> <!-- Test5 -->
  </suite> <!-- Suite5 -->
</testng-results>
